Using pre-set license
Built from '2021.3/staging' branch; Version is '2021.3.25f1 (68ef2c4f8861) revision 6876972'; Using compiler version '192829333'; Build Type 'Release'
OS: 'Windows 10  (10.0.19045) 64bit Education' Language: 'ko' Physical Memory: 16297 MB
BatchMode: 1, IsHumanControllingUs: 0, StartBugReporterOnCrash: 0, Is64bit: 1, IsPro: 1

COMMAND LINE ARGUMENTS:
C:\Program Files\Unity 2021.3.25f1\Editor\Unity.exe
-adb2
-batchMode
-noUpm
-name
AssetImportWorker9
-projectPath
C:/Users/Administrator/Desktop/EndlessRun/Endless Run
-logFile
Logs/AssetImportWorker9.log
-srvPort
58589
Successfully changed project path to: C:/Users/Administrator/Desktop/EndlessRun/Endless Run
C:/Users/Administrator/Desktop/EndlessRun/Endless Run
[UnityMemory] Configuration Parameters - Can be set up in boot.config
    "memorysetup-bucket-allocator-granularity=16"
    "memorysetup-bucket-allocator-bucket-count=8"
    "memorysetup-bucket-allocator-block-size=33554432"
    "memorysetup-bucket-allocator-block-count=8"
    "memorysetup-main-allocator-block-size=16777216"
    "memorysetup-thread-allocator-block-size=16777216"
    "memorysetup-gfx-main-allocator-block-size=16777216"
    "memorysetup-gfx-thread-allocator-block-size=16777216"
    "memorysetup-cache-allocator-block-size=4194304"
    "memorysetup-typetree-allocator-block-size=2097152"
    "memorysetup-profiler-bucket-allocator-granularity=16"
    "memorysetup-profiler-bucket-allocator-bucket-count=8"
    "memorysetup-profiler-bucket-allocator-block-size=33554432"
    "memorysetup-profiler-bucket-allocator-block-count=8"
    "memorysetup-profiler-allocator-block-size=16777216"
    "memorysetup-profiler-editor-allocator-block-size=1048576"
    "memorysetup-temp-allocator-size-main=16777216"
    "memorysetup-job-temp-allocator-block-size=2097152"
    "memorysetup-job-temp-allocator-block-size-background=1048576"
    "memorysetup-job-temp-allocator-reduction-small-platforms=262144"
    "memorysetup-temp-allocator-size-background-worker=32768"
    "memorysetup-temp-allocator-size-job-worker=262144"
    "memorysetup-temp-allocator-size-preload-manager=33554432"
    "memorysetup-temp-allocator-size-nav-mesh-worker=65536"
    "memorysetup-temp-allocator-size-audio-worker=65536"
    "memorysetup-temp-allocator-size-cloud-worker=32768"
    "memorysetup-temp-allocator-size-gi-baking-worker=262144"
    "memorysetup-temp-allocator-size-gfx=262144"
Player connection [11976] Host "[IP] 192.168.0.44 [Port] 0 [Flags] 2 [Guid] 4258063194 [EditorId] 4258063194 [Version] 1048832 [Id] WindowsEditor(7,DESKTOP-EAQT5PO) [Debug] 1 [PackageName] WindowsEditor [ProjectName] Editor" joined multi-casting on [225.0.0.222:54997]...

Player connection [11976] Host "[IP] 192.168.0.44 [Port] 0 [Flags] 2 [Guid] 4258063194 [EditorId] 4258063194 [Version] 1048832 [Id] WindowsEditor(7,DESKTOP-EAQT5PO) [Debug] 1 [PackageName] WindowsEditor [ProjectName] Editor" joined alternative multi-casting on [225.0.0.222:34997]...

Refreshing native plugins compatible for Editor in 72.92 ms, found 3 plugins.
Preloading 0 native plugins for Editor in 0.00 ms.
Initialize engine version: 2021.3.25f1 (68ef2c4f8861)
[Subsystems] Discovering subsystems at path C:/Program Files/Unity 2021.3.25f1/Editor/Data/Resources/UnitySubsystems
[Subsystems] Discovering subsystems at path C:/Users/Administrator/Desktop/EndlessRun/Endless Run/Assets
GfxDevice: creating device client; threaded=0; jobified=0
Direct3D:
    Version:  Direct3D 11.0 [level 11.1]
    Renderer: NVIDIA GeForce GTX 1660 (ID=0x2184)
    Vendor:   NVIDIA
    VRAM:     5980 MB
    Driver:   31.0.15.3623
Initialize mono
Mono path[0] = 'C:/Program Files/Unity 2021.3.25f1/Editor/Data/Managed'
Mono path[1] = 'C:/Program Files/Unity 2021.3.25f1/Editor/Data/MonoBleedingEdge/lib/mono/unityjit-win32'
Mono config path = 'C:/Program Files/Unity 2021.3.25f1/Editor/Data/MonoBleedingEdge/etc'
Using monoOptions --debugger-agent=transport=dt_socket,embedding=1,server=y,suspend=n,address=127.0.0.1:56484
Begin MonoManager ReloadAssembly
Registering precompiled unity dll's ...
Register platform support module: C:/Program Files/Unity 2021.3.25f1/Editor/Data/PlaybackEngines/WindowsStandaloneSupport/UnityEditor.WindowsStandalone.Extensions.dll
Registered in 0.003463 seconds.
Native extension for WindowsStandalone target not found
Refreshing native plugins compatible for Editor in 64.69 ms, found 3 plugins.
Preloading 0 native plugins for Editor in 0.00 ms.
Mono: successfully reloaded assembly
- Completed reload, in  0.510 seconds
Domain Reload Profiling:
	ReloadAssembly (511ms)
		BeginReloadAssembly (69ms)
			ExecutionOrderSort (0ms)
			DisableScriptedObjects (0ms)
			BackupInstance (0ms)
			ReleaseScriptingObjects (0ms)
			CreateAndSetChildDomain (1ms)
		EndReloadAssembly (362ms)
			LoadAssemblies (67ms)
			RebuildTransferFunctionScriptingTraits (0ms)
			SetupTypeCache (86ms)
			ReleaseScriptCaches (0ms)
			RebuildScriptCaches (24ms)
			SetupLoadedEditorAssemblies (211ms)
				LogAssemblyErrors (0ms)
				InitializePlatformSupportModulesInManaged (6ms)
				SetLoadedEditorAssemblies (0ms)
				RefreshPlugins (65ms)
				BeforeProcessingInitializeOnLoad (1ms)
				ProcessInitializeOnLoadAttributes (101ms)
				ProcessInitializeOnLoadMethodAttributes (38ms)
				AfterProcessingInitializeOnLoad (0ms)
				EditorAssembliesLoaded (0ms)
			ExecutionOrderSort2 (0ms)
			AwakeInstancesAfterBackupRestoration (0ms)
Platform modules already initialized, skipping
Registering precompiled user dll's ...
Registered in 0.003581 seconds.
Begin MonoManager ReloadAssembly
Symbol file LoadedFromMemory doesn't match image C:\Users\Administrator\Desktop\EndlessRun\Endless Run\Library\PackageCache\com.unity.visualscripting@1.8.0\Editor\VisualScripting.Core\Dependencies\YamlDotNet\Unity.VisualScripting.YamlDotNet.dll
Symbol file LoadedFromMemory doesn't match image C:\Users\Administrator\Desktop\EndlessRun\Endless Run\Library\PackageCache\com.unity.visualscripting@1.8.0\Editor\VisualScripting.Core\Dependencies\DotNetZip\Unity.VisualScripting.IonicZip.dll
Native extension for WindowsStandalone target not found
Refreshing native plugins compatible for Editor in 0.45 ms, found 3 plugins.
Preloading 0 native plugins for Editor in 0.00 ms.
Mono: successfully reloaded assembly
- Completed reload, in  0.803 seconds
Domain Reload Profiling:
	ReloadAssembly (804ms)
		BeginReloadAssembly (97ms)
			ExecutionOrderSort (0ms)
			DisableScriptedObjects (5ms)
			BackupInstance (0ms)
			ReleaseScriptingObjects (0ms)
			CreateAndSetChildDomain (16ms)
		EndReloadAssembly (620ms)
			LoadAssemblies (69ms)
			RebuildTransferFunctionScriptingTraits (0ms)
			SetupTypeCache (215ms)
			ReleaseScriptCaches (1ms)
			RebuildScriptCaches (42ms)
			SetupLoadedEditorAssemblies (273ms)
				LogAssemblyErrors (0ms)
				InitializePlatformSupportModulesInManaged (4ms)
				SetLoadedEditorAssemblies (0ms)
				RefreshPlugins (0ms)
				BeforeProcessingInitializeOnLoad (68ms)
				ProcessInitializeOnLoadAttributes (179ms)
				ProcessInitializeOnLoadMethodAttributes (16ms)
				AfterProcessingInitializeOnLoad (5ms)
				EditorAssembliesLoaded (0ms)
			ExecutionOrderSort2 (0ms)
			AwakeInstancesAfterBackupRestoration (4ms)
Platform modules already initialized, skipping
========================================================================
Worker process is ready to serve import requests
Launched and connected shader compiler UnityShaderCompiler.exe after 0.03 seconds
Refreshing native plugins compatible for Editor in 0.57 ms, found 3 plugins.
Preloading 0 native plugins for Editor in 0.00 ms.
Unloading 3052 Unused Serialized files (Serialized files now loaded: 0)
Unloading 24 unused Assets / (113.7 KB). Loaded Objects now: 3513.
Memory consumption went from 108.0 MB to 107.9 MB.
Total: 2.819400 ms (FindLiveObjects: 0.262600 ms CreateObjectMapping: 0.157100 ms MarkObjects: 2.312600 ms  DeleteObjects: 0.086400 ms)

AssetImportParameters requested are different than current active one (requested -> active):
  custom:video-decoder-ogg-theora: a1e56fd34408186e4bbccfd4996cb3dc -> 
  custom:container-muxer-webm: aa71ff27fc2769a1b78a27578f13a17b -> 
  custom:container-demuxer-webm: 4f35f7cbe854078d1ac9338744f61a02 -> 
  custom:video-encoder-webm-vp8: eb34c28f22e8b96e1ab97ce403110664 -> 
  custom:audio-encoder-webm-vorbis: bf7c407c2cedff20999df2af8eb42d56 -> 
  custom:framework-win-MediaFoundation: 216162199b28c13a410421893ffa2e32 -> 
  custom:container-demuxer-ogg: 62fdf1f143b41e24485cea50d1cbac27 -> 
  custom:video-decoder-webm-vp8: 9c59270c3fd7afecdb556c50c9e8de78 -> 
  custom:audio-decoder-ogg-vorbis: bf7c407c2cedff20999df2af8eb42d56 -> 
========================================================================
Received Import Request.
  Time since last request: 213453.489377 seconds.
  path: Assets/Sound/Long Bright Ding.wav
  artifactKey: Guid(0c0bac2831580dc48b14525a87629c0f) Importer(815301076,1909f56bfc062723c751e8b465ee728b)
Start importing Assets/Sound/Long Bright Ding.wav using Guid(0c0bac2831580dc48b14525a87629c0f) Importer(815301076,1909f56bfc062723c751e8b465ee728b)  -> (artifact id: '6beb63e9e3ee95d68274c5d8d65a4d60') in 0.122005 seconds 
========================================================================
Received Import Request.
  Time since last request: 0.000028 seconds.
  path: Assets/Sound/Metallic Button Click.wav
  artifactKey: Guid(3ffa9d151ea46f64196c452eb3a32338) Importer(815301076,1909f56bfc062723c751e8b465ee728b)
Start importing Assets/Sound/Metallic Button Click.wav using Guid(3ffa9d151ea46f64196c452eb3a32338) Importer(815301076,1909f56bfc062723c751e8b465ee728b)  -> (artifact id: '93f4958a52daa5a37566d36b1de04210') in 0.011254 seconds 
========================================================================
Received Import Request.
  Time since last request: 0.000035 seconds.
  path: Assets/Sound/Magic Trick.wav
  artifactKey: Guid(52c2f56b59f568c4ca4107ea146f6e06) Importer(815301076,1909f56bfc062723c751e8b465ee728b)
Start importing Assets/Sound/Magic Trick.wav using Guid(52c2f56b59f568c4ca4107ea146f6e06) Importer(815301076,1909f56bfc062723c751e8b465ee728b)  -> (artifact id: 'bedf01a406f861b456a25d7080c9cb0a') in 0.010515 seconds 
========================================================================
Received Import Request.
  Time since last request: 0.000023 seconds.
  path: Assets/Sound/Medieval Smooth Arpeggio.wav
  artifactKey: Guid(3b6783fde648c0c43a9dcf384b8c7e9a) Importer(815301076,1909f56bfc062723c751e8b465ee728b)
Start importing Assets/Sound/Medieval Smooth Arpeggio.wav using Guid(3b6783fde648c0c43a9dcf384b8c7e9a) Importer(815301076,1909f56bfc062723c751e8b465ee728b)  -> (artifact id: '9715e1e78e7693cb070d23ce8b79121c') in 0.009724 seconds 
========================================================================
Received Import Request.
  Time since last request: 0.000019 seconds.
  path: Assets/Sound/Magic Spell.wav
  artifactKey: Guid(bd6ab72952b8dc148aab704517741bc7) Importer(815301076,1909f56bfc062723c751e8b465ee728b)
Start importing Assets/Sound/Magic Spell.wav using Guid(bd6ab72952b8dc148aab704517741bc7) Importer(815301076,1909f56bfc062723c751e8b465ee728b)  -> (artifact id: '6465631a407b70d7ffcdbba10dac065d') in 0.015400 seconds 
========================================================================
Received Import Request.
  Time since last request: 0.410771 seconds.
  path: Assets/Sound/Monster Spell.wav
  artifactKey: Guid(d0476d4c32725ee4cb3ee7a190a5ae7a) Importer(815301076,1909f56bfc062723c751e8b465ee728b)
Start importing Assets/Sound/Monster Spell.wav using Guid(d0476d4c32725ee4cb3ee7a190a5ae7a) Importer(815301076,1909f56bfc062723c751e8b465ee728b)  -> (artifact id: '3dfc83c9226799a241ff686e2d2451fb') in 0.009155 seconds 
========================================================================
Received Import Request.
  Time since last request: 0.000021 seconds.
  path: Assets/Sound/Positive Notification Alert.wav
  artifactKey: Guid(0cd8fe2e60df4c04291a028870217904) Importer(815301076,1909f56bfc062723c751e8b465ee728b)
Start importing Assets/Sound/Positive Notification Alert.wav using Guid(0cd8fe2e60df4c04291a028870217904) Importer(815301076,1909f56bfc062723c751e8b465ee728b)  -> (artifact id: 'e0c403756dd20029df880748c5f4c062') in 0.010199 seconds 
========================================================================
Received Import Request.
  Time since last request: 0.000018 seconds.
  path: Assets/Sound/Orchestra Ending.wav
  artifactKey: Guid(6697088f2ea1f2e4184b0e5841801b30) Importer(815301076,1909f56bfc062723c751e8b465ee728b)
Start importing Assets/Sound/Orchestra Ending.wav using Guid(6697088f2ea1f2e4184b0e5841801b30) Importer(815301076,1909f56bfc062723c751e8b465ee728b)  -> (artifact id: 'ce796878135f14cc5fe202d25d4a2972') in 0.010612 seconds 
========================================================================
Received Import Request.
  Time since last request: 0.000025 seconds.
  path: Assets/Sound/Positive Alert.wav
  artifactKey: Guid(fe3fdbb87abc886468df1522b457ab0a) Importer(815301076,1909f56bfc062723c751e8b465ee728b)
Start importing Assets/Sound/Positive Alert.wav using Guid(fe3fdbb87abc886468df1522b457ab0a) Importer(815301076,1909f56bfc062723c751e8b465ee728b)  -> (artifact id: '08f466150206a9fe51839549a52b16a4') in 0.011418 seconds 
========================================================================
Received Import Request.
  Time since last request: 0.000021 seconds.
  path: Assets/Sound/Sci-fi Woosh.wav
  artifactKey: Guid(b86c354d09d11f84abb575cb6f8e4a59) Importer(815301076,1909f56bfc062723c751e8b465ee728b)
Start importing Assets/Sound/Sci-fi Woosh.wav using Guid(b86c354d09d11f84abb575cb6f8e4a59) Importer(815301076,1909f56bfc062723c751e8b465ee728b)  -> (artifact id: 'aa06015f612efbd163b4eb0162074886') in 0.009793 seconds 
========================================================================
Received Import Request.
  Time since last request: 0.000018 seconds.
  path: Assets/Sound/Sci-Fi Smooth Transition.wav
  artifactKey: Guid(75b8a2ff1f7e0ef40a1d413d1255288c) Importer(815301076,1909f56bfc062723c751e8b465ee728b)
Start importing Assets/Sound/Sci-Fi Smooth Transition.wav using Guid(75b8a2ff1f7e0ef40a1d413d1255288c) Importer(815301076,1909f56bfc062723c751e8b465ee728b)  -> (artifact id: '0c5ba5343a73683111dfed13e578c13e') in 0.008872 seconds 
========================================================================
Received Import Request.
  Time since last request: 0.000049 seconds.
  path: Assets/Sound/Quick Smooth Game FX.wav
  artifactKey: Guid(748784268f68828409e527c43d216bdc) Importer(815301076,1909f56bfc062723c751e8b465ee728b)
Start importing Assets/Sound/Quick Smooth Game FX.wav using Guid(748784268f68828409e527c43d216bdc) Importer(815301076,1909f56bfc062723c751e8b465ee728b)  -> (artifact id: '14c8016d648e77189164d08d80907819') in 0.010650 seconds 
========================================================================
Received Import Request.
  Time since last request: 0.000019 seconds.
  path: Assets/Sound/New Message.wav
  artifactKey: Guid(85d09eff930d2774293c2c22cdea92a4) Importer(815301076,1909f56bfc062723c751e8b465ee728b)
Start importing Assets/Sound/New Message.wav using Guid(85d09eff930d2774293c2c22cdea92a4) Importer(815301076,1909f56bfc062723c751e8b465ee728b)  -> (artifact id: '608dba56e05d5d0f7ea36d71d8b40845') in 0.010301 seconds 
========================================================================
Received Import Request.
  Time since last request: 0.000017 seconds.
  path: Assets/Sound/Sci-Fi Game Transition.wav
  artifactKey: Guid(68138a00d0fcf9946a2e12fb536e16d7) Importer(815301076,1909f56bfc062723c751e8b465ee728b)
Start importing Assets/Sound/Sci-Fi Game Transition.wav using Guid(68138a00d0fcf9946a2e12fb536e16d7) Importer(815301076,1909f56bfc062723c751e8b465ee728b)  -> (artifact id: '0654b5146e9a95f0b70beb927bba583c') in 0.009723 seconds 
========================================================================
Received Import Request.
  Time since last request: 0.030843 seconds.
  path: Assets/Sound/Shine.wav
  artifactKey: Guid(7fdf05cd9427ffa4f8795397242bfbce) Importer(815301076,1909f56bfc062723c751e8b465ee728b)
Start importing Assets/Sound/Shine.wav using Guid(7fdf05cd9427ffa4f8795397242bfbce) Importer(815301076,1909f56bfc062723c751e8b465ee728b)  -> (artifact id: 'a793226bc7a90d2d473dcf62d6a4fc99') in 0.010034 seconds 
========================================================================
Received Import Request.
  Time since last request: 0.000021 seconds.
  path: Assets/Sound/Small Achievement.wav
  artifactKey: Guid(cf4a89cdaef051e49932a73d271fc751) Importer(815301076,1909f56bfc062723c751e8b465ee728b)
Start importing Assets/Sound/Small Achievement.wav using Guid(cf4a89cdaef051e49932a73d271fc751) Importer(815301076,1909f56bfc062723c751e8b465ee728b)  -> (artifact id: '73cb919cae7cbcdba44948fc46956cdf') in 0.009256 seconds 
========================================================================
Received Import Request.
  Time since last request: 0.000027 seconds.
  path: Assets/Sound/Sparkling Bonus.wav
  artifactKey: Guid(26bcacf1c33937040a74e130d37a34fa) Importer(815301076,1909f56bfc062723c751e8b465ee728b)
Start importing Assets/Sound/Sparkling Bonus.wav using Guid(26bcacf1c33937040a74e130d37a34fa) Importer(815301076,1909f56bfc062723c751e8b465ee728b)  -> (artifact id: 'd9a859fd5ccae965f4d8a96ce186f796') in 0.008917 seconds 
========================================================================
Received Import Request.
  Time since last request: 0.000018 seconds.
  path: Assets/Sound/Sparkle.wav
  artifactKey: Guid(3df3067bd7f04d64f9e6006096fe00fa) Importer(815301076,1909f56bfc062723c751e8b465ee728b)
Start importing Assets/Sound/Sparkle.wav using Guid(3df3067bd7f04d64f9e6006096fe00fa) Importer(815301076,1909f56bfc062723c751e8b465ee728b)  -> (artifact id: 'fb2a7a6d9a1bfbdca0f2e9041ef34cac') in 0.012443 seconds 
========================================================================
Received Import Request.
  Time since last request: 0.000017 seconds.
  path: Assets/Sound/Symphonic Orchestra Hit.wav
  artifactKey: Guid(ae4993584d95feb4a9c31e475b61299a) Importer(815301076,1909f56bfc062723c751e8b465ee728b)
Start importing Assets/Sound/Symphonic Orchestra Hit.wav using Guid(ae4993584d95feb4a9c31e475b61299a) Importer(815301076,1909f56bfc062723c751e8b465ee728b)  -> (artifact id: 'bc790d363d83b851a801375325cf81eb') in 0.010439 seconds 
========================================================================
Received Import Request.
  Time since last request: 0.000017 seconds.
  path: Assets/Sound/Trailer Hit.wav
  artifactKey: Guid(3af962df98565734ca250e2dcffdcd0f) Importer(815301076,1909f56bfc062723c751e8b465ee728b)
Start importing Assets/Sound/Trailer Hit.wav using Guid(3af962df98565734ca250e2dcffdcd0f) Importer(815301076,1909f56bfc062723c751e8b465ee728b)  -> (artifact id: '9c99ce03215041dc374db9d0f0dc6767') in 0.009861 seconds 
========================================================================
Received Import Request.
  Time since last request: 0.000016 seconds.
  path: Assets/Sound/Twinkle.wav
  artifactKey: Guid(4ac5fe077cf370145b08b884e0b8ba11) Importer(815301076,1909f56bfc062723c751e8b465ee728b)
Start importing Assets/Sound/Twinkle.wav using Guid(4ac5fe077cf370145b08b884e0b8ba11) Importer(815301076,1909f56bfc062723c751e8b465ee728b)  -> (artifact id: '56f94d7caf01004101a5296a5c210d6d') in 0.009060 seconds 
========================================================================
Received Import Request.
  Time since last request: 0.000017 seconds.
  path: Assets/Sound/Super Power Achieved.wav
  artifactKey: Guid(22dd24deb6e202a4297fd45b79956bd5) Importer(815301076,1909f56bfc062723c751e8b465ee728b)
Start importing Assets/Sound/Super Power Achieved.wav using Guid(22dd24deb6e202a4297fd45b79956bd5) Importer(815301076,1909f56bfc062723c751e8b465ee728b)  -> (artifact id: '622455c5113376070473c1e5b8b41b48') in 0.009613 seconds 
========================================================================
Received Import Request.
  Time since last request: 0.000019 seconds.
  path: Assets/Sound/Successful Game Alert.wav
  artifactKey: Guid(b950f5b59c4baf145b21768c73fb3762) Importer(815301076,1909f56bfc062723c751e8b465ee728b)
Start importing Assets/Sound/Successful Game Alert.wav using Guid(b950f5b59c4baf145b21768c73fb3762) Importer(815301076,1909f56bfc062723c751e8b465ee728b)  -> (artifact id: '3cc906a6523be3bb8739018f0ee4c17a') in 0.008104 seconds 
========================================================================
Received Import Request.
  Time since last request: 0.287277 seconds.
  path: Assets/Sound/Uplifting Victory.wav
  artifactKey: Guid(a48d65b3388ca0a4d805cdf40231459e) Importer(815301076,1909f56bfc062723c751e8b465ee728b)
Start importing Assets/Sound/Uplifting Victory.wav using Guid(a48d65b3388ca0a4d805cdf40231459e) Importer(815301076,1909f56bfc062723c751e8b465ee728b)  -> (artifact id: '494ffe8acbb50aa06127549aae96de0d') in 0.010573 seconds 
========================================================================
Received Import Request.
  Time since last request: 0.000020 seconds.
  path: Assets/Sound/Woosh.wav
  artifactKey: Guid(7c419c581af8f3641812fbd3e5844749) Importer(815301076,1909f56bfc062723c751e8b465ee728b)
Start importing Assets/Sound/Woosh.wav using Guid(7c419c581af8f3641812fbd3e5844749) Importer(815301076,1909f56bfc062723c751e8b465ee728b)  -> (artifact id: 'a24c9b50eb6121abcb52ecf2d2fa57f1') in 0.010625 seconds 
========================================================================
Received Import Request.
  Time since last request: 0.000016 seconds.
  path: Assets/Sound/Winner.wav
  artifactKey: Guid(ad0505bdfa99608489ef0a9c1475cff7) Importer(815301076,1909f56bfc062723c751e8b465ee728b)
Start importing Assets/Sound/Winner.wav using Guid(ad0505bdfa99608489ef0a9c1475cff7) Importer(815301076,1909f56bfc062723c751e8b465ee728b)  -> (artifact id: '4469a22f35826cc75964c1606a5c209b') in 0.010566 seconds 
========================================================================
Received Import Request.
  Time since last request: 0.000018 seconds.
  path: Assets/Sound/Victory Hit.wav
  artifactKey: Guid(e0a09acb8273c944fb5ee372d1f93ab9) Importer(815301076,1909f56bfc062723c751e8b465ee728b)
Start importing Assets/Sound/Victory Hit.wav using Guid(e0a09acb8273c944fb5ee372d1f93ab9) Importer(815301076,1909f56bfc062723c751e8b465ee728b)  -> (artifact id: 'cd9f11df3c0523f404fae71834b643f6') in 0.010105 seconds 
========================================================================
Received Import Request.
  Time since last request: 0.000018 seconds.
  path: Assets/Sound/Win.wav
  artifactKey: Guid(9277bf080cd751d468bf17655b72f02c) Importer(815301076,1909f56bfc062723c751e8b465ee728b)
Start importing Assets/Sound/Win.wav using Guid(9277bf080cd751d468bf17655b72f02c) Importer(815301076,1909f56bfc062723c751e8b465ee728b)  -> (artifact id: 'a9955c6b1f89617d2dcf31d13fd58ee6') in 0.009151 seconds 
Editor requested this worker to shutdown with reason: Scaling down because of idle timeout
AssetImportWorker is now disconnected from the server
Process exiting
Exiting without the bug reporter. Application will terminate with return code 0