Using pre-set license
Built from '2021.3/staging' branch; Version is '2021.3.25f1 (68ef2c4f8861) revision 6876972'; Using compiler version '192829333'; Build Type 'Release'
OS: 'Windows 10  (10.0.19045) 64bit Education' Language: 'ko' Physical Memory: 16297 MB
BatchMode: 1, IsHumanControllingUs: 0, StartBugReporterOnCrash: 0, Is64bit: 1, IsPro: 1

COMMAND LINE ARGUMENTS:
C:\Program Files\Unity 2021.3.25f1\Editor\Unity.exe
-adb2
-batchMode
-noUpm
-name
AssetImportWorker8
-projectPath
C:/Users/Administrator/Desktop/EndlessRun/Endless Run
-logFile
Logs/AssetImportWorker8.log
-srvPort
58589
Successfully changed project path to: C:/Users/Administrator/Desktop/EndlessRun/Endless Run
C:/Users/Administrator/Desktop/EndlessRun/Endless Run
[UnityMemory] Configuration Parameters - Can be set up in boot.config
    "memorysetup-bucket-allocator-granularity=16"
    "memorysetup-bucket-allocator-bucket-count=8"
    "memorysetup-bucket-allocator-block-size=33554432"
    "memorysetup-bucket-allocator-block-count=8"
    "memorysetup-main-allocator-block-size=16777216"
    "memorysetup-thread-allocator-block-size=16777216"
    "memorysetup-gfx-main-allocator-block-size=16777216"
    "memorysetup-gfx-thread-allocator-block-size=16777216"
    "memorysetup-cache-allocator-block-size=4194304"
    "memorysetup-typetree-allocator-block-size=2097152"
    "memorysetup-profiler-bucket-allocator-granularity=16"
    "memorysetup-profiler-bucket-allocator-bucket-count=8"
    "memorysetup-profiler-bucket-allocator-block-size=33554432"
    "memorysetup-profiler-bucket-allocator-block-count=8"
    "memorysetup-profiler-allocator-block-size=16777216"
    "memorysetup-profiler-editor-allocator-block-size=1048576"
    "memorysetup-temp-allocator-size-main=16777216"
    "memorysetup-job-temp-allocator-block-size=2097152"
    "memorysetup-job-temp-allocator-block-size-background=1048576"
    "memorysetup-job-temp-allocator-reduction-small-platforms=262144"
    "memorysetup-temp-allocator-size-background-worker=32768"
    "memorysetup-temp-allocator-size-job-worker=262144"
    "memorysetup-temp-allocator-size-preload-manager=33554432"
    "memorysetup-temp-allocator-size-nav-mesh-worker=65536"
    "memorysetup-temp-allocator-size-audio-worker=65536"
    "memorysetup-temp-allocator-size-cloud-worker=32768"
    "memorysetup-temp-allocator-size-gi-baking-worker=262144"
    "memorysetup-temp-allocator-size-gfx=262144"
Player connection [19952] Host "[IP] 192.168.0.44 [Port] 0 [Flags] 2 [Guid] 1303296489 [EditorId] 1303296489 [Version] 1048832 [Id] WindowsEditor(7,DESKTOP-EAQT5PO) [Debug] 1 [PackageName] WindowsEditor [ProjectName] Editor" joined multi-casting on [225.0.0.222:54997]...

Player connection [19952] Host "[IP] 192.168.0.44 [Port] 0 [Flags] 2 [Guid] 1303296489 [EditorId] 1303296489 [Version] 1048832 [Id] WindowsEditor(7,DESKTOP-EAQT5PO) [Debug] 1 [PackageName] WindowsEditor [ProjectName] Editor" joined alternative multi-casting on [225.0.0.222:34997]...

Refreshing native plugins compatible for Editor in 72.07 ms, found 3 plugins.
Preloading 0 native plugins for Editor in 0.00 ms.
Initialize engine version: 2021.3.25f1 (68ef2c4f8861)
[Subsystems] Discovering subsystems at path C:/Program Files/Unity 2021.3.25f1/Editor/Data/Resources/UnitySubsystems
[Subsystems] Discovering subsystems at path C:/Users/Administrator/Desktop/EndlessRun/Endless Run/Assets
GfxDevice: creating device client; threaded=0; jobified=0
Direct3D:
    Version:  Direct3D 11.0 [level 11.1]
    Renderer: NVIDIA GeForce GTX 1660 (ID=0x2184)
    Vendor:   NVIDIA
    VRAM:     5980 MB
    Driver:   31.0.15.3623
Initialize mono
Mono path[0] = 'C:/Program Files/Unity 2021.3.25f1/Editor/Data/Managed'
Mono path[1] = 'C:/Program Files/Unity 2021.3.25f1/Editor/Data/MonoBleedingEdge/lib/mono/unityjit-win32'
Mono config path = 'C:/Program Files/Unity 2021.3.25f1/Editor/Data/MonoBleedingEdge/etc'
Using monoOptions --debugger-agent=transport=dt_socket,embedding=1,server=y,suspend=n,address=127.0.0.1:56412
Begin MonoManager ReloadAssembly
Registering precompiled unity dll's ...
Register platform support module: C:/Program Files/Unity 2021.3.25f1/Editor/Data/PlaybackEngines/WindowsStandaloneSupport/UnityEditor.WindowsStandalone.Extensions.dll
Registered in 0.003764 seconds.
Native extension for WindowsStandalone target not found
Refreshing native plugins compatible for Editor in 66.14 ms, found 3 plugins.
Preloading 0 native plugins for Editor in 0.00 ms.
Mono: successfully reloaded assembly
- Completed reload, in  0.525 seconds
Domain Reload Profiling:
	ReloadAssembly (526ms)
		BeginReloadAssembly (84ms)
			ExecutionOrderSort (0ms)
			DisableScriptedObjects (0ms)
			BackupInstance (0ms)
			ReleaseScriptingObjects (0ms)
			CreateAndSetChildDomain (1ms)
		EndReloadAssembly (360ms)
			LoadAssemblies (81ms)
			RebuildTransferFunctionScriptingTraits (0ms)
			SetupTypeCache (86ms)
			ReleaseScriptCaches (0ms)
			RebuildScriptCaches (23ms)
			SetupLoadedEditorAssemblies (210ms)
				LogAssemblyErrors (0ms)
				InitializePlatformSupportModulesInManaged (6ms)
				SetLoadedEditorAssemblies (0ms)
				RefreshPlugins (66ms)
				BeforeProcessingInitializeOnLoad (1ms)
				ProcessInitializeOnLoadAttributes (100ms)
				ProcessInitializeOnLoadMethodAttributes (36ms)
				AfterProcessingInitializeOnLoad (0ms)
				EditorAssembliesLoaded (0ms)
			ExecutionOrderSort2 (0ms)
			AwakeInstancesAfterBackupRestoration (0ms)
Platform modules already initialized, skipping
Registering precompiled user dll's ...
Registered in 0.003671 seconds.
Begin MonoManager ReloadAssembly
Symbol file LoadedFromMemory doesn't match image C:\Users\Administrator\Desktop\EndlessRun\Endless Run\Library\PackageCache\com.unity.visualscripting@1.8.0\Editor\VisualScripting.Core\Dependencies\YamlDotNet\Unity.VisualScripting.YamlDotNet.dll
Symbol file LoadedFromMemory doesn't match image C:\Users\Administrator\Desktop\EndlessRun\Endless Run\Library\PackageCache\com.unity.visualscripting@1.8.0\Editor\VisualScripting.Core\Dependencies\DotNetZip\Unity.VisualScripting.IonicZip.dll
Native extension for WindowsStandalone target not found
Refreshing native plugins compatible for Editor in 0.55 ms, found 3 plugins.
Preloading 0 native plugins for Editor in 0.00 ms.
Mono: successfully reloaded assembly
- Completed reload, in  0.803 seconds
Domain Reload Profiling:
	ReloadAssembly (803ms)
		BeginReloadAssembly (96ms)
			ExecutionOrderSort (0ms)
			DisableScriptedObjects (5ms)
			BackupInstance (0ms)
			ReleaseScriptingObjects (0ms)
			CreateAndSetChildDomain (15ms)
		EndReloadAssembly (620ms)
			LoadAssemblies (69ms)
			RebuildTransferFunctionScriptingTraits (0ms)
			SetupTypeCache (213ms)
			ReleaseScriptCaches (1ms)
			RebuildScriptCaches (41ms)
			SetupLoadedEditorAssemblies (273ms)
				LogAssemblyErrors (0ms)
				InitializePlatformSupportModulesInManaged (4ms)
				SetLoadedEditorAssemblies (0ms)
				RefreshPlugins (1ms)
				BeforeProcessingInitializeOnLoad (67ms)
				ProcessInitializeOnLoadAttributes (179ms)
				ProcessInitializeOnLoadMethodAttributes (16ms)
				AfterProcessingInitializeOnLoad (5ms)
				EditorAssembliesLoaded (0ms)
			ExecutionOrderSort2 (0ms)
			AwakeInstancesAfterBackupRestoration (5ms)
Platform modules already initialized, skipping
========================================================================
Worker process is ready to serve import requests
Launched and connected shader compiler UnityShaderCompiler.exe after 0.03 seconds
Refreshing native plugins compatible for Editor in 0.66 ms, found 3 plugins.
Preloading 0 native plugins for Editor in 0.00 ms.
Unloading 3052 Unused Serialized files (Serialized files now loaded: 0)
Unloading 24 unused Assets / (113.7 KB). Loaded Objects now: 3513.
Memory consumption went from 108.0 MB to 107.9 MB.
Total: 2.690100 ms (FindLiveObjects: 0.238700 ms CreateObjectMapping: 0.167100 ms MarkObjects: 2.201300 ms  DeleteObjects: 0.082300 ms)

AssetImportParameters requested are different than current active one (requested -> active):
  custom:video-decoder-ogg-theora: a1e56fd34408186e4bbccfd4996cb3dc -> 
  custom:container-muxer-webm: aa71ff27fc2769a1b78a27578f13a17b -> 
  custom:container-demuxer-webm: 4f35f7cbe854078d1ac9338744f61a02 -> 
  custom:video-encoder-webm-vp8: eb34c28f22e8b96e1ab97ce403110664 -> 
  custom:audio-encoder-webm-vorbis: bf7c407c2cedff20999df2af8eb42d56 -> 
  custom:framework-win-MediaFoundation: 216162199b28c13a410421893ffa2e32 -> 
  custom:container-demuxer-ogg: 62fdf1f143b41e24485cea50d1cbac27 -> 
  custom:video-decoder-webm-vp8: 9c59270c3fd7afecdb556c50c9e8de78 -> 
  custom:audio-decoder-ogg-vorbis: bf7c407c2cedff20999df2af8eb42d56 -> 
========================================================================
Received Import Request.
  Time since last request: 213453.489223 seconds.
  path: Assets/Sound/Long Alert.wav
  artifactKey: Guid(b2ed3ca66cd9f8445a4f299cdf324a35) Importer(815301076,1909f56bfc062723c751e8b465ee728b)
Start importing Assets/Sound/Long Alert.wav using Guid(b2ed3ca66cd9f8445a4f299cdf324a35) Importer(815301076,1909f56bfc062723c751e8b465ee728b)  -> (artifact id: '11b9180ec009a3d0dd041ab9b077be26') in 0.122082 seconds 
========================================================================
Received Import Request.
  Time since last request: 0.000035 seconds.
  path: Assets/Sound/Medieval Alert.wav
  artifactKey: Guid(cf0b8880f323fb2428c9eea2432bb300) Importer(815301076,1909f56bfc062723c751e8b465ee728b)
Start importing Assets/Sound/Medieval Alert.wav using Guid(cf0b8880f323fb2428c9eea2432bb300) Importer(815301076,1909f56bfc062723c751e8b465ee728b)  -> (artifact id: 'f74545a6e00859dbe3e5a893782ba759') in 0.014312 seconds 
========================================================================
Received Import Request.
  Time since last request: 0.000030 seconds.
  path: Assets/Sound/Magic.wav
  artifactKey: Guid(2a6dbd27435fa3146836d142df4f6488) Importer(815301076,1909f56bfc062723c751e8b465ee728b)
Start importing Assets/Sound/Magic.wav using Guid(2a6dbd27435fa3146836d142df4f6488) Importer(815301076,1909f56bfc062723c751e8b465ee728b)  -> (artifact id: '227afa7e7dde3b2bd19cd66b711d52fe') in 0.009745 seconds 
========================================================================
Received Import Request.
  Time since last request: 0.000015 seconds.
  path: Assets/Sound/Medieval Game Harp.wav
  artifactKey: Guid(448afc40a23134b449eb62ef09defc5c) Importer(815301076,1909f56bfc062723c751e8b465ee728b)
Start importing Assets/Sound/Medieval Game Harp.wav using Guid(448afc40a23134b449eb62ef09defc5c) Importer(815301076,1909f56bfc062723c751e8b465ee728b)  -> (artifact id: 'f0337c4124e541df207c8cdb7835defe') in 0.009854 seconds 
========================================================================
Received Import Request.
  Time since last request: 0.428546 seconds.
  path: Assets/Sound/Money.wav
  artifactKey: Guid(59abadb4643cdc240ad01a91e8416d36) Importer(815301076,1909f56bfc062723c751e8b465ee728b)
Start importing Assets/Sound/Money.wav using Guid(59abadb4643cdc240ad01a91e8416d36) Importer(815301076,1909f56bfc062723c751e8b465ee728b)  -> (artifact id: '90e9e35c918e378b13704cdda69f551c') in 0.009403 seconds 
========================================================================
Received Import Request.
  Time since last request: 0.000015 seconds.
  path: Assets/Sound/Pop Alert.wav
  artifactKey: Guid(bfeedeec7b930a543ad8106beba29349) Importer(815301076,1909f56bfc062723c751e8b465ee728b)
Start importing Assets/Sound/Pop Alert.wav using Guid(bfeedeec7b930a543ad8106beba29349) Importer(815301076,1909f56bfc062723c751e8b465ee728b)  -> (artifact id: '0e5dd2f5197617e15ebf8534368c021e') in 0.010394 seconds 
========================================================================
Received Import Request.
  Time since last request: 0.000020 seconds.
  path: Assets/Sound/Positive Bright Effect.wav
  artifactKey: Guid(fbe1700453b120f48ad3f4b96c13cd97) Importer(815301076,1909f56bfc062723c751e8b465ee728b)
Start importing Assets/Sound/Positive Bright Effect.wav using Guid(fbe1700453b120f48ad3f4b96c13cd97) Importer(815301076,1909f56bfc062723c751e8b465ee728b)  -> (artifact id: '4637d21ac13fc32c21ce8411253d8685') in 0.010564 seconds 
========================================================================
Received Import Request.
  Time since last request: 0.000026 seconds.
  path: Assets/Sound/Points Earned.wav
  artifactKey: Guid(815d4a6099ebe184fb878bdb02ddd8a1) Importer(815301076,1909f56bfc062723c751e8b465ee728b)
Start importing Assets/Sound/Points Earned.wav using Guid(815d4a6099ebe184fb878bdb02ddd8a1) Importer(815301076,1909f56bfc062723c751e8b465ee728b)  -> (artifact id: 'c843061d3446220b623b13fc4a11f526') in 0.011153 seconds 
========================================================================
Received Import Request.
  Time since last request: 0.000031 seconds.
  path: Assets/Sound/RPG Fantasy Alert.wav
  artifactKey: Guid(57a059cc083c35b4b98e6379d1c3d1a4) Importer(815301076,1909f56bfc062723c751e8b465ee728b)
Start importing Assets/Sound/RPG Fantasy Alert.wav using Guid(57a059cc083c35b4b98e6379d1c3d1a4) Importer(815301076,1909f56bfc062723c751e8b465ee728b)  -> (artifact id: '39945eebebf3e6e01e894c387d75dc19') in 0.009674 seconds 
========================================================================
Received Import Request.
  Time since last request: 0.000015 seconds.
  path: Assets/Sound/Saxophone.wav
  artifactKey: Guid(00e0bde4de5b190448bf79c37fc39905) Importer(815301076,1909f56bfc062723c751e8b465ee728b)
Start importing Assets/Sound/Saxophone.wav using Guid(00e0bde4de5b190448bf79c37fc39905) Importer(815301076,1909f56bfc062723c751e8b465ee728b)  -> (artifact id: '09c8ac46eb6cf20cb331cdaef1df38ad') in 0.009442 seconds 
========================================================================
Received Import Request.
  Time since last request: 0.000029 seconds.
  path: Assets/Sound/Retro Game Success.wav
  artifactKey: Guid(4f96c828937ad6343879c37675583925) Importer(815301076,1909f56bfc062723c751e8b465ee728b)
Start importing Assets/Sound/Retro Game Success.wav using Guid(4f96c828937ad6343879c37675583925) Importer(815301076,1909f56bfc062723c751e8b465ee728b)  -> (artifact id: 'bc6dc40b8aec3f31f2cf887b6422c6ae') in 0.009337 seconds 
========================================================================
Received Import Request.
  Time since last request: 0.000018 seconds.
  path: Assets/Sound/Sci-Fi Impact.wav
  artifactKey: Guid(e94aa5f3c976e50499a5ce7fd05b4182) Importer(815301076,1909f56bfc062723c751e8b465ee728b)
Start importing Assets/Sound/Sci-Fi Impact.wav using Guid(e94aa5f3c976e50499a5ce7fd05b4182) Importer(815301076,1909f56bfc062723c751e8b465ee728b)  -> (artifact id: '706f2a60cd95658cdfb5cf48f13780ed') in 0.009657 seconds 
========================================================================
Received Import Request.
  Time since last request: 0.000021 seconds.
  path: Assets/Sound/Positive Notification.wav
  artifactKey: Guid(942dae1dc6b51ac49a6df0b0df3b36c7) Importer(815301076,1909f56bfc062723c751e8b465ee728b)
Start importing Assets/Sound/Positive Notification.wav using Guid(942dae1dc6b51ac49a6df0b0df3b36c7) Importer(815301076,1909f56bfc062723c751e8b465ee728b)  -> (artifact id: '282c14c8592a25a18efa8e2ee6ba73d2') in 0.009714 seconds 
========================================================================
Received Import Request.
  Time since last request: 0.030569 seconds.
  path: Assets/Sound/Score Count.wav
  artifactKey: Guid(3031db92e0a6dbd43a2b68193981227a) Importer(815301076,1909f56bfc062723c751e8b465ee728b)
Start importing Assets/Sound/Score Count.wav using Guid(3031db92e0a6dbd43a2b68193981227a) Importer(815301076,1909f56bfc062723c751e8b465ee728b)  -> (artifact id: 'bba44598b0390489a127c12f5c552d72') in 0.010253 seconds 
========================================================================
Received Import Request.
  Time since last request: 0.000024 seconds.
  path: Assets/Sound/Short Positive FX.wav
  artifactKey: Guid(cd29bd83451633040a2a90afce524e26) Importer(815301076,1909f56bfc062723c751e8b465ee728b)
Start importing Assets/Sound/Short Positive FX.wav using Guid(cd29bd83451633040a2a90afce524e26) Importer(815301076,1909f56bfc062723c751e8b465ee728b)  -> (artifact id: '1bf4e678886227e8cd9302c006865419') in 0.009473 seconds 
========================================================================
Received Import Request.
  Time since last request: 0.000026 seconds.
  path: Assets/Sound/Smooth Error Click.wav
  artifactKey: Guid(4db5276715a0fe644bca4c4545552748) Importer(815301076,1909f56bfc062723c751e8b465ee728b)
Start importing Assets/Sound/Smooth Error Click.wav using Guid(4db5276715a0fe644bca4c4545552748) Importer(815301076,1909f56bfc062723c751e8b465ee728b)  -> (artifact id: '3fa47b7248bbf8bd9c036b4b304fed68') in 0.008845 seconds 
========================================================================
Received Import Request.
  Time since last request: 0.000025 seconds.
  path: Assets/Sound/Slow Dark Reveal.wav
  artifactKey: Guid(1a0f1e4a8bf2cf342a50c108473e03ff) Importer(815301076,1909f56bfc062723c751e8b465ee728b)
Start importing Assets/Sound/Slow Dark Reveal.wav using Guid(1a0f1e4a8bf2cf342a50c108473e03ff) Importer(815301076,1909f56bfc062723c751e8b465ee728b)  -> (artifact id: 'f488872a698e6f67d9119d72b27519ff') in 0.012323 seconds 
========================================================================
Received Import Request.
  Time since last request: 0.000017 seconds.
  path: Assets/Sound/Sweet Notification.wav
  artifactKey: Guid(57bcf84b7fc575b48b0b8133bcc06f80) Importer(815301076,1909f56bfc062723c751e8b465ee728b)
Start importing Assets/Sound/Sweet Notification.wav using Guid(57bcf84b7fc575b48b0b8133bcc06f80) Importer(815301076,1909f56bfc062723c751e8b465ee728b)  -> (artifact id: 'ceb2e545f0c6eff284c55c5d4275df5e') in 0.011010 seconds 
========================================================================
Received Import Request.
  Time since last request: 0.000025 seconds.
  path: Assets/Sound/Small Win.wav
  artifactKey: Guid(ae4440b05ef1f204d844169cfdafd529) Importer(815301076,1909f56bfc062723c751e8b465ee728b)
Start importing Assets/Sound/Small Win.wav using Guid(ae4440b05ef1f204d844169cfdafd529) Importer(815301076,1909f56bfc062723c751e8b465ee728b)  -> (artifact id: '7587ea9a92dd0dfbc57e49430bfed0b7') in 0.009264 seconds 
========================================================================
Received Import Request.
  Time since last request: 0.000015 seconds.
  path: Assets/Sound/Star.wav
  artifactKey: Guid(f8a7881abf1dacb49b63d5bf721c3109) Importer(815301076,1909f56bfc062723c751e8b465ee728b)
Start importing Assets/Sound/Star.wav using Guid(f8a7881abf1dacb49b63d5bf721c3109) Importer(815301076,1909f56bfc062723c751e8b465ee728b)  -> (artifact id: '873408b70e90d3bf3912c73844deacf5') in 0.008601 seconds 
========================================================================
Received Import Request.
  Time since last request: 0.000016 seconds.
  path: Assets/Sound/Thoughtful Reveal.wav
  artifactKey: Guid(358507eb51fdfd84d8f213a69f84c67f) Importer(815301076,1909f56bfc062723c751e8b465ee728b)
Start importing Assets/Sound/Thoughtful Reveal.wav using Guid(358507eb51fdfd84d8f213a69f84c67f) Importer(815301076,1909f56bfc062723c751e8b465ee728b)  -> (artifact id: '00c8f09d87c1944a5ab9018e3e9194dc') in 0.008554 seconds 
========================================================================
Received Import Request.
  Time since last request: 0.000032 seconds.
  path: Assets/Sound/Tribal Flute Alert.wav
  artifactKey: Guid(ebadf785294adee48aa50fe8be5e0ac3) Importer(815301076,1909f56bfc062723c751e8b465ee728b)
Start importing Assets/Sound/Tribal Flute Alert.wav using Guid(ebadf785294adee48aa50fe8be5e0ac3) Importer(815301076,1909f56bfc062723c751e8b465ee728b)  -> (artifact id: '75f21508938030ff526253b42053ff34') in 0.009039 seconds 
========================================================================
Received Import Request.
  Time since last request: 0.287582 seconds.
  path: Assets/Sound/Uplifting Alert.wav
  artifactKey: Guid(65f3aebd0ca8c5846b3a25010c800f6f) Importer(815301076,1909f56bfc062723c751e8b465ee728b)
Start importing Assets/Sound/Uplifting Alert.wav using Guid(65f3aebd0ca8c5846b3a25010c800f6f) Importer(815301076,1909f56bfc062723c751e8b465ee728b)  -> (artifact id: 'a52716d0b042addb05a764493491ecd2') in 0.010994 seconds 
========================================================================
Received Import Request.
  Time since last request: 0.000017 seconds.
  path: Assets/Sound/Victory.wav
  artifactKey: Guid(123ee384767aa4a42a075018481b98c7) Importer(815301076,1909f56bfc062723c751e8b465ee728b)
Start importing Assets/Sound/Victory.wav using Guid(123ee384767aa4a42a075018481b98c7) Importer(815301076,1909f56bfc062723c751e8b465ee728b)  -> (artifact id: '2c5278f4d8c283d0dea726dac8a0cb67') in 0.010124 seconds 
========================================================================
Received Import Request.
  Time since last request: 0.000027 seconds.
  path: Assets/Sound/War Trumpet Call.wav
  artifactKey: Guid(b9e95869585adef418d7532d0eda1f69) Importer(815301076,1909f56bfc062723c751e8b465ee728b)
Start importing Assets/Sound/War Trumpet Call.wav using Guid(b9e95869585adef418d7532d0eda1f69) Importer(815301076,1909f56bfc062723c751e8b465ee728b)  -> (artifact id: '50da89af1d4f94bb10f33a343a8a4503') in 0.009706 seconds 
========================================================================
Received Import Request.
  Time since last request: 0.000020 seconds.
  path: Assets/Sound/Warm Error Alert.wav
  artifactKey: Guid(593c51c17ba2fd94fb124b9c0a2c78b1) Importer(815301076,1909f56bfc062723c751e8b465ee728b)
Start importing Assets/Sound/Warm Error Alert.wav using Guid(593c51c17ba2fd94fb124b9c0a2c78b1) Importer(815301076,1909f56bfc062723c751e8b465ee728b)  -> (artifact id: '4dc647a2942933150d62edf19b4222da') in 0.009544 seconds 
Editor requested this worker to shutdown with reason: Scaling down because of idle timeout
AssetImportWorker is now disconnected from the server
Process exiting
Exiting without the bug reporter. Application will terminate with return code 0