Using pre-set license
Built from '2021.3/staging' branch; Version is '2021.3.25f1 (68ef2c4f8861) revision 6876972'; Using compiler version '192829333'; Build Type 'Release'
OS: 'Windows 10  (10.0.19045) 64bit Education' Language: 'ko' Physical Memory: 16297 MB
BatchMode: 1, IsHumanControllingUs: 0, StartBugReporterOnCrash: 0, Is64bit: 1, IsPro: 1

COMMAND LINE ARGUMENTS:
C:\Program Files\Unity 2021.3.25f1\Editor\Unity.exe
-adb2
-batchMode
-noUpm
-name
AssetImportWorker6
-projectPath
C:/Users/Administrator/Desktop/EndlessRun/Endless Run
-logFile
Logs/AssetImportWorker6.log
-srvPort
58589
Successfully changed project path to: C:/Users/Administrator/Desktop/EndlessRun/Endless Run
C:/Users/Administrator/Desktop/EndlessRun/Endless Run
[UnityMemory] Configuration Parameters - Can be set up in boot.config
    "memorysetup-bucket-allocator-granularity=16"
    "memorysetup-bucket-allocator-bucket-count=8"
    "memorysetup-bucket-allocator-block-size=33554432"
    "memorysetup-bucket-allocator-block-count=8"
    "memorysetup-main-allocator-block-size=16777216"
    "memorysetup-thread-allocator-block-size=16777216"
    "memorysetup-gfx-main-allocator-block-size=16777216"
    "memorysetup-gfx-thread-allocator-block-size=16777216"
    "memorysetup-cache-allocator-block-size=4194304"
    "memorysetup-typetree-allocator-block-size=2097152"
    "memorysetup-profiler-bucket-allocator-granularity=16"
    "memorysetup-profiler-bucket-allocator-bucket-count=8"
    "memorysetup-profiler-bucket-allocator-block-size=33554432"
    "memorysetup-profiler-bucket-allocator-block-count=8"
    "memorysetup-profiler-allocator-block-size=16777216"
    "memorysetup-profiler-editor-allocator-block-size=1048576"
    "memorysetup-temp-allocator-size-main=16777216"
    "memorysetup-job-temp-allocator-block-size=2097152"
    "memorysetup-job-temp-allocator-block-size-background=1048576"
    "memorysetup-job-temp-allocator-reduction-small-platforms=262144"
    "memorysetup-temp-allocator-size-background-worker=32768"
    "memorysetup-temp-allocator-size-job-worker=262144"
    "memorysetup-temp-allocator-size-preload-manager=33554432"
    "memorysetup-temp-allocator-size-nav-mesh-worker=65536"
    "memorysetup-temp-allocator-size-audio-worker=65536"
    "memorysetup-temp-allocator-size-cloud-worker=32768"
    "memorysetup-temp-allocator-size-gi-baking-worker=262144"
    "memorysetup-temp-allocator-size-gfx=262144"
Player connection [8624] Host "[IP] 192.168.0.44 [Port] 0 [Flags] 2 [Guid] 3930474714 [EditorId] 3930474714 [Version] 1048832 [Id] WindowsEditor(7,DESKTOP-EAQT5PO) [Debug] 1 [PackageName] WindowsEditor [ProjectName] Editor" joined multi-casting on [225.0.0.222:54997]...

Player connection [8624] Host "[IP] 192.168.0.44 [Port] 0 [Flags] 2 [Guid] 3930474714 [EditorId] 3930474714 [Version] 1048832 [Id] WindowsEditor(7,DESKTOP-EAQT5PO) [Debug] 1 [PackageName] WindowsEditor [ProjectName] Editor" joined alternative multi-casting on [225.0.0.222:34997]...

Refreshing native plugins compatible for Editor in 77.40 ms, found 3 plugins.
Preloading 0 native plugins for Editor in 0.00 ms.
Initialize engine version: 2021.3.25f1 (68ef2c4f8861)
[Subsystems] Discovering subsystems at path C:/Program Files/Unity 2021.3.25f1/Editor/Data/Resources/UnitySubsystems
[Subsystems] Discovering subsystems at path C:/Users/Administrator/Desktop/EndlessRun/Endless Run/Assets
GfxDevice: creating device client; threaded=0; jobified=0
Direct3D:
    Version:  Direct3D 11.0 [level 11.1]
    Renderer: NVIDIA GeForce GTX 1660 (ID=0x2184)
    Vendor:   NVIDIA
    VRAM:     5980 MB
    Driver:   31.0.15.3623
Initialize mono
Mono path[0] = 'C:/Program Files/Unity 2021.3.25f1/Editor/Data/Managed'
Mono path[1] = 'C:/Program Files/Unity 2021.3.25f1/Editor/Data/MonoBleedingEdge/lib/mono/unityjit-win32'
Mono config path = 'C:/Program Files/Unity 2021.3.25f1/Editor/Data/MonoBleedingEdge/etc'
Using monoOptions --debugger-agent=transport=dt_socket,embedding=1,server=y,suspend=n,address=127.0.0.1:56996
Begin MonoManager ReloadAssembly
Registering precompiled unity dll's ...
Register platform support module: C:/Program Files/Unity 2021.3.25f1/Editor/Data/PlaybackEngines/WindowsStandaloneSupport/UnityEditor.WindowsStandalone.Extensions.dll
Registered in 0.003399 seconds.
Native extension for WindowsStandalone target not found
Refreshing native plugins compatible for Editor in 64.03 ms, found 3 plugins.
Preloading 0 native plugins for Editor in 0.00 ms.
Mono: successfully reloaded assembly
- Completed reload, in  0.504 seconds
Domain Reload Profiling:
	ReloadAssembly (505ms)
		BeginReloadAssembly (66ms)
			ExecutionOrderSort (0ms)
			DisableScriptedObjects (0ms)
			BackupInstance (0ms)
			ReleaseScriptingObjects (0ms)
			CreateAndSetChildDomain (1ms)
		EndReloadAssembly (360ms)
			LoadAssemblies (64ms)
			RebuildTransferFunctionScriptingTraits (0ms)
			SetupTypeCache (88ms)
			ReleaseScriptCaches (0ms)
			RebuildScriptCaches (23ms)
			SetupLoadedEditorAssemblies (209ms)
				LogAssemblyErrors (0ms)
				InitializePlatformSupportModulesInManaged (6ms)
				SetLoadedEditorAssemblies (0ms)
				RefreshPlugins (64ms)
				BeforeProcessingInitializeOnLoad (1ms)
				ProcessInitializeOnLoadAttributes (101ms)
				ProcessInitializeOnLoadMethodAttributes (37ms)
				AfterProcessingInitializeOnLoad (0ms)
				EditorAssembliesLoaded (0ms)
			ExecutionOrderSort2 (0ms)
			AwakeInstancesAfterBackupRestoration (0ms)
Platform modules already initialized, skipping
Registering precompiled user dll's ...
Registered in 0.003610 seconds.
Begin MonoManager ReloadAssembly
Symbol file LoadedFromMemory doesn't match image C:\Users\Administrator\Desktop\EndlessRun\Endless Run\Library\PackageCache\com.unity.visualscripting@1.8.0\Editor\VisualScripting.Core\Dependencies\YamlDotNet\Unity.VisualScripting.YamlDotNet.dll
Symbol file LoadedFromMemory doesn't match image C:\Users\Administrator\Desktop\EndlessRun\Endless Run\Library\PackageCache\com.unity.visualscripting@1.8.0\Editor\VisualScripting.Core\Dependencies\DotNetZip\Unity.VisualScripting.IonicZip.dll
Native extension for WindowsStandalone target not found
Refreshing native plugins compatible for Editor in 0.44 ms, found 3 plugins.
Preloading 0 native plugins for Editor in 0.00 ms.
Mono: successfully reloaded assembly
- Completed reload, in  0.788 seconds
Domain Reload Profiling:
	ReloadAssembly (788ms)
		BeginReloadAssembly (93ms)
			ExecutionOrderSort (0ms)
			DisableScriptedObjects (5ms)
			BackupInstance (0ms)
			ReleaseScriptingObjects (0ms)
			CreateAndSetChildDomain (15ms)
		EndReloadAssembly (609ms)
			LoadAssemblies (65ms)
			RebuildTransferFunctionScriptingTraits (0ms)
			SetupTypeCache (212ms)
			ReleaseScriptCaches (1ms)
			RebuildScriptCaches (40ms)
			SetupLoadedEditorAssemblies (268ms)
				LogAssemblyErrors (0ms)
				InitializePlatformSupportModulesInManaged (4ms)
				SetLoadedEditorAssemblies (0ms)
				RefreshPlugins (0ms)
				BeforeProcessingInitializeOnLoad (66ms)
				ProcessInitializeOnLoadAttributes (177ms)
				ProcessInitializeOnLoadMethodAttributes (15ms)
				AfterProcessingInitializeOnLoad (5ms)
				EditorAssembliesLoaded (0ms)
			ExecutionOrderSort2 (0ms)
			AwakeInstancesAfterBackupRestoration (4ms)
Platform modules already initialized, skipping
========================================================================
Worker process is ready to serve import requests
Launched and connected shader compiler UnityShaderCompiler.exe after 0.03 seconds
Refreshing native plugins compatible for Editor in 0.47 ms, found 3 plugins.
Preloading 0 native plugins for Editor in 0.00 ms.
Unloading 3050 Unused Serialized files (Serialized files now loaded: 0)
Unloading 24 unused Assets / (113.6 KB). Loaded Objects now: 3511.
Memory consumption went from 108.0 MB to 107.9 MB.
Total: 2.636600 ms (FindLiveObjects: 0.226100 ms CreateObjectMapping: 0.143900 ms MarkObjects: 2.188300 ms  DeleteObjects: 0.077700 ms)

AssetImportParameters requested are different than current active one (requested -> active):
  custom:video-decoder-ogg-theora: a1e56fd34408186e4bbccfd4996cb3dc -> 
  custom:container-muxer-webm: aa71ff27fc2769a1b78a27578f13a17b -> 
  custom:container-demuxer-webm: 4f35f7cbe854078d1ac9338744f61a02 -> 
  custom:video-encoder-webm-vp8: eb34c28f22e8b96e1ab97ce403110664 -> 
  custom:audio-encoder-webm-vorbis: bf7c407c2cedff20999df2af8eb42d56 -> 
  custom:framework-win-MediaFoundation: 216162199b28c13a410421893ffa2e32 -> 
  custom:container-demuxer-ogg: 62fdf1f143b41e24485cea50d1cbac27 -> 
  custom:video-decoder-webm-vp8: 9c59270c3fd7afecdb556c50c9e8de78 -> 
  custom:audio-decoder-ogg-vorbis: bf7c407c2cedff20999df2af8eb42d56 -> 
========================================================================
Received Import Request.
  Time since last request: 212135.314859 seconds.
  path: Assets/Scripts
  artifactKey: Guid(0441a9b9e792ec941916f65017c3d2da) Importer(815301076,1909f56bfc062723c751e8b465ee728b)
Start importing Assets/Scripts using Guid(0441a9b9e792ec941916f65017c3d2da) Importer(815301076,1909f56bfc062723c751e8b465ee728b)  -> (artifact id: '012fccbf04feaac766f58a3ea47b1a92') in 0.012023 seconds 
========================================================================
Received Import Request.
  Time since last request: 7.753926 seconds.
  path: Assets/Scripts/Audio Manager.cs
  artifactKey: Guid(ff56ae53fe8c0554488f3eb8e8a7f13a) Importer(815301076,1909f56bfc062723c751e8b465ee728b)
Start importing Assets/Scripts/Audio Manager.cs using Guid(ff56ae53fe8c0554488f3eb8e8a7f13a) Importer(815301076,1909f56bfc062723c751e8b465ee728b)  -> (artifact id: 'cf8cfc9a42761f0a1f4defacbd5fe80f') in 0.025749 seconds 
========================================================================
Received Import Request.
  Time since last request: 259.808214 seconds.
  path: Assets/Scripts/Audio Manager.cs
  artifactKey: Guid(ff56ae53fe8c0554488f3eb8e8a7f13a) Importer(815301076,1909f56bfc062723c751e8b465ee728b)
Start importing Assets/Scripts/Audio Manager.cs using Guid(ff56ae53fe8c0554488f3eb8e8a7f13a) Importer(815301076,1909f56bfc062723c751e8b465ee728b)  -> (artifact id: 'fd9b6995347d2f93c0af54d0aacd7460') in 0.001800 seconds 
========================================================================
Received Prepare
Registering precompiled user dll's ...
Registered in 0.003269 seconds.
Begin MonoManager ReloadAssembly
Symbol file LoadedFromMemory doesn't match image C:\Users\Administrator\Desktop\EndlessRun\Endless Run\Library\PackageCache\com.unity.visualscripting@1.8.0\Editor\VisualScripting.Core\Dependencies\YamlDotNet\Unity.VisualScripting.YamlDotNet.dll
Symbol file LoadedFromMemory doesn't match image C:\Users\Administrator\Desktop\EndlessRun\Endless Run\Library\PackageCache\com.unity.visualscripting@1.8.0\Editor\VisualScripting.Core\Dependencies\DotNetZip\Unity.VisualScripting.IonicZip.dll
Native extension for WindowsStandalone target not found
Refreshing native plugins compatible for Editor in 0.47 ms, found 3 plugins.
Preloading 0 native plugins for Editor in 0.00 ms.
Mono: successfully reloaded assembly
- Completed reload, in  0.794 seconds
Domain Reload Profiling:
	ReloadAssembly (794ms)
		BeginReloadAssembly (121ms)
			ExecutionOrderSort (0ms)
			DisableScriptedObjects (5ms)
			BackupInstance (0ms)
			ReleaseScriptingObjects (0ms)
			CreateAndSetChildDomain (31ms)
		EndReloadAssembly (591ms)
			LoadAssemblies (70ms)
			RebuildTransferFunctionScriptingTraits (0ms)
			SetupTypeCache (226ms)
			ReleaseScriptCaches (1ms)
			RebuildScriptCaches (32ms)
			SetupLoadedEditorAssemblies (233ms)
				LogAssemblyErrors (0ms)
				InitializePlatformSupportModulesInManaged (4ms)
				SetLoadedEditorAssemblies (0ms)
				RefreshPlugins (1ms)
				BeforeProcessingInitializeOnLoad (49ms)
				ProcessInitializeOnLoadAttributes (159ms)
				ProcessInitializeOnLoadMethodAttributes (15ms)
				AfterProcessingInitializeOnLoad (5ms)
				EditorAssembliesLoaded (0ms)
			ExecutionOrderSort2 (0ms)
			AwakeInstancesAfterBackupRestoration (4ms)
Platform modules already initialized, skipping
Refreshing native plugins compatible for Editor in 1.44 ms, found 3 plugins.
Preloading 0 native plugins for Editor in 0.00 ms.
Unloading 3046 Unused Serialized files (Serialized files now loaded: 0)
Unloading 17 unused Assets / (80.3 KB). Loaded Objects now: 3515.
Memory consumption went from 107.9 MB to 107.8 MB.
Total: 2.169000 ms (FindLiveObjects: 0.208500 ms CreateObjectMapping: 0.117400 ms MarkObjects: 1.783800 ms  DeleteObjects: 0.058800 ms)

AssetImportParameters requested are different than current active one (requested -> active):
  custom:video-decoder-ogg-theora: a1e56fd34408186e4bbccfd4996cb3dc -> 
  custom:container-muxer-webm: aa71ff27fc2769a1b78a27578f13a17b -> 
  custom:container-demuxer-webm: 4f35f7cbe854078d1ac9338744f61a02 -> 
  custom:video-encoder-webm-vp8: eb34c28f22e8b96e1ab97ce403110664 -> 
  custom:audio-encoder-webm-vorbis: bf7c407c2cedff20999df2af8eb42d56 -> 
  custom:framework-win-MediaFoundation: 216162199b28c13a410421893ffa2e32 -> 
  custom:container-demuxer-ogg: 62fdf1f143b41e24485cea50d1cbac27 -> 
  custom:video-decoder-webm-vp8: 9c59270c3fd7afecdb556c50c9e8de78 -> 
  custom:audio-decoder-ogg-vorbis: bf7c407c2cedff20999df2af8eb42d56 -> 
========================================================================
Received Import Request.
  Time since last request: 216.962501 seconds.
  path: Assets/Scripts/Singleton.cs
  artifactKey: Guid(93cb90ccb75935047a1b0b6ed97a4cad) Importer(815301076,1909f56bfc062723c751e8b465ee728b)
Start importing Assets/Scripts/Singleton.cs using Guid(93cb90ccb75935047a1b0b6ed97a4cad) Importer(815301076,1909f56bfc062723c751e8b465ee728b)  -> (artifact id: '6df4fbbd033eea6df93d4206a176eb86') in 0.009910 seconds 
========================================================================
Received Prepare
Registering precompiled user dll's ...
Registered in 0.003385 seconds.
Begin MonoManager ReloadAssembly
Symbol file LoadedFromMemory doesn't match image C:\Users\Administrator\Desktop\EndlessRun\Endless Run\Library\PackageCache\com.unity.visualscripting@1.8.0\Editor\VisualScripting.Core\Dependencies\YamlDotNet\Unity.VisualScripting.YamlDotNet.dll
Symbol file LoadedFromMemory doesn't match image C:\Users\Administrator\Desktop\EndlessRun\Endless Run\Library\PackageCache\com.unity.visualscripting@1.8.0\Editor\VisualScripting.Core\Dependencies\DotNetZip\Unity.VisualScripting.IonicZip.dll
Native extension for WindowsStandalone target not found
Refreshing native plugins compatible for Editor in 0.56 ms, found 3 plugins.
Preloading 0 native plugins for Editor in 0.00 ms.
Mono: successfully reloaded assembly
- Completed reload, in  0.818 seconds
Domain Reload Profiling:
	ReloadAssembly (818ms)
		BeginReloadAssembly (117ms)
			ExecutionOrderSort (0ms)
			DisableScriptedObjects (5ms)
			BackupInstance (0ms)
			ReleaseScriptingObjects (0ms)
			CreateAndSetChildDomain (29ms)
		EndReloadAssembly (608ms)
			LoadAssemblies (73ms)
			RebuildTransferFunctionScriptingTraits (0ms)
			SetupTypeCache (235ms)
			ReleaseScriptCaches (1ms)
			RebuildScriptCaches (35ms)
			SetupLoadedEditorAssemblies (237ms)
				LogAssemblyErrors (0ms)
				InitializePlatformSupportModulesInManaged (4ms)
				SetLoadedEditorAssemblies (0ms)
				RefreshPlugins (1ms)
				BeforeProcessingInitializeOnLoad (54ms)
				ProcessInitializeOnLoadAttributes (157ms)
				ProcessInitializeOnLoadMethodAttributes (15ms)
				AfterProcessingInitializeOnLoad (5ms)
				EditorAssembliesLoaded (0ms)
			ExecutionOrderSort2 (0ms)
			AwakeInstancesAfterBackupRestoration (4ms)
Platform modules already initialized, skipping
Refreshing native plugins compatible for Editor in 1.94 ms, found 3 plugins.
Preloading 0 native plugins for Editor in 0.00 ms.
Unloading 3047 Unused Serialized files (Serialized files now loaded: 0)
Unloading 17 unused Assets / (80.0 KB). Loaded Objects now: 3519.
Memory consumption went from 107.9 MB to 107.8 MB.
Total: 2.441400 ms (FindLiveObjects: 0.227100 ms CreateObjectMapping: 0.128700 ms MarkObjects: 2.015600 ms  DeleteObjects: 0.069400 ms)

AssetImportParameters requested are different than current active one (requested -> active):
  custom:video-decoder-ogg-theora: a1e56fd34408186e4bbccfd4996cb3dc -> 
  custom:container-muxer-webm: aa71ff27fc2769a1b78a27578f13a17b -> 
  custom:container-demuxer-webm: 4f35f7cbe854078d1ac9338744f61a02 -> 
  custom:video-encoder-webm-vp8: eb34c28f22e8b96e1ab97ce403110664 -> 
  custom:audio-encoder-webm-vorbis: bf7c407c2cedff20999df2af8eb42d56 -> 
  custom:framework-win-MediaFoundation: 216162199b28c13a410421893ffa2e32 -> 
  custom:container-demuxer-ogg: 62fdf1f143b41e24485cea50d1cbac27 -> 
  custom:video-decoder-webm-vp8: 9c59270c3fd7afecdb556c50c9e8de78 -> 
  custom:audio-decoder-ogg-vorbis: bf7c407c2cedff20999df2af8eb42d56 -> 
========================================================================
Received Import Request.
  Time since last request: 394.773813 seconds.
  path: Assets/Scripts/Singleton.cs
  artifactKey: Guid(93cb90ccb75935047a1b0b6ed97a4cad) Importer(815301076,1909f56bfc062723c751e8b465ee728b)
Start importing Assets/Scripts/Singleton.cs using Guid(93cb90ccb75935047a1b0b6ed97a4cad) Importer(815301076,1909f56bfc062723c751e8b465ee728b)  -> (artifact id: '3ddf2ebd6f089e4df845396e9428c614') in 0.006369 seconds 
========================================================================
Received Prepare
Registering precompiled user dll's ...
Registered in 0.003275 seconds.
Begin MonoManager ReloadAssembly
Symbol file LoadedFromMemory doesn't match image C:\Users\Administrator\Desktop\EndlessRun\Endless Run\Library\PackageCache\com.unity.visualscripting@1.8.0\Editor\VisualScripting.Core\Dependencies\YamlDotNet\Unity.VisualScripting.YamlDotNet.dll
Symbol file LoadedFromMemory doesn't match image C:\Users\Administrator\Desktop\EndlessRun\Endless Run\Library\PackageCache\com.unity.visualscripting@1.8.0\Editor\VisualScripting.Core\Dependencies\DotNetZip\Unity.VisualScripting.IonicZip.dll
Native extension for WindowsStandalone target not found
Refreshing native plugins compatible for Editor in 0.65 ms, found 3 plugins.
Preloading 0 native plugins for Editor in 0.00 ms.
Mono: successfully reloaded assembly
- Completed reload, in  0.787 seconds
Domain Reload Profiling:
	ReloadAssembly (787ms)
		BeginReloadAssembly (120ms)
			ExecutionOrderSort (0ms)
			DisableScriptedObjects (5ms)
			BackupInstance (0ms)
			ReleaseScriptingObjects (0ms)
			CreateAndSetChildDomain (30ms)
		EndReloadAssembly (590ms)
			LoadAssemblies (71ms)
			RebuildTransferFunctionScriptingTraits (0ms)
			SetupTypeCache (218ms)
			ReleaseScriptCaches (1ms)
			RebuildScriptCaches (36ms)
			SetupLoadedEditorAssemblies (241ms)
				LogAssemblyErrors (0ms)
				InitializePlatformSupportModulesInManaged (4ms)
				SetLoadedEditorAssemblies (0ms)
				RefreshPlugins (1ms)
				BeforeProcessingInitializeOnLoad (53ms)
				ProcessInitializeOnLoadAttributes (162ms)
				ProcessInitializeOnLoadMethodAttributes (15ms)
				AfterProcessingInitializeOnLoad (5ms)
				EditorAssembliesLoaded (0ms)
			ExecutionOrderSort2 (0ms)
			AwakeInstancesAfterBackupRestoration (5ms)
Platform modules already initialized, skipping
Refreshing native plugins compatible for Editor in 1.25 ms, found 3 plugins.
Preloading 0 native plugins for Editor in 0.00 ms.
Unloading 3047 Unused Serialized files (Serialized files now loaded: 0)
Unloading 17 unused Assets / (80.2 KB). Loaded Objects now: 3522.
Memory consumption went from 107.9 MB to 107.8 MB.
Total: 2.229400 ms (FindLiveObjects: 0.220900 ms CreateObjectMapping: 0.126600 ms MarkObjects: 1.809500 ms  DeleteObjects: 0.071700 ms)

AssetImportParameters requested are different than current active one (requested -> active):
  custom:video-decoder-ogg-theora: a1e56fd34408186e4bbccfd4996cb3dc -> 
  custom:container-muxer-webm: aa71ff27fc2769a1b78a27578f13a17b -> 
  custom:container-demuxer-webm: 4f35f7cbe854078d1ac9338744f61a02 -> 
  custom:video-encoder-webm-vp8: eb34c28f22e8b96e1ab97ce403110664 -> 
  custom:audio-encoder-webm-vorbis: bf7c407c2cedff20999df2af8eb42d56 -> 
  custom:framework-win-MediaFoundation: 216162199b28c13a410421893ffa2e32 -> 
  custom:container-demuxer-ogg: 62fdf1f143b41e24485cea50d1cbac27 -> 
  custom:video-decoder-webm-vp8: 9c59270c3fd7afecdb556c50c9e8de78 -> 
  custom:audio-decoder-ogg-vorbis: bf7c407c2cedff20999df2af8eb42d56 -> 
========================================================================
Received Import Request.
  Time since last request: 51.518614 seconds.
  path: Assets/Scripts/Singleton.cs
  artifactKey: Guid(93cb90ccb75935047a1b0b6ed97a4cad) Importer(815301076,1909f56bfc062723c751e8b465ee728b)
Start importing Assets/Scripts/Singleton.cs using Guid(93cb90ccb75935047a1b0b6ed97a4cad) Importer(815301076,1909f56bfc062723c751e8b465ee728b)  -> (artifact id: 'ac0b77286d4e157106b4cb327cffb661') in 0.005328 seconds 
========================================================================
Received Import Request.
  Time since last request: 286.041434 seconds.
  path: Assets/Game Interface Sound Pack 2.0/Army Trumpet.wav
  artifactKey: Guid(327a516fbded65a41b3938a7be77583a) Importer(815301076,1909f56bfc062723c751e8b465ee728b)
Start importing Assets/Game Interface Sound Pack 2.0/Army Trumpet.wav using Guid(327a516fbded65a41b3938a7be77583a) Importer(815301076,1909f56bfc062723c751e8b465ee728b)  -> (artifact id: 'fc5f48286ff5d06e031a9982b9b67826') in 0.145890 seconds 
========================================================================
Received Import Request.
  Time since last request: 0.000021 seconds.
  path: Assets/Game Interface Sound Pack 2.0/Bell Hits.wav
  artifactKey: Guid(4da067ad457f5f84286871568c74468b) Importer(815301076,1909f56bfc062723c751e8b465ee728b)
Start importing Assets/Game Interface Sound Pack 2.0/Bell Hits.wav using Guid(4da067ad457f5f84286871568c74468b) Importer(815301076,1909f56bfc062723c751e8b465ee728b)  -> (artifact id: '05e5a463136b3e1593cdf6255edc2bc6') in 0.010106 seconds 
========================================================================
Received Import Request.
  Time since last request: 0.000023 seconds.
  path: Assets/Game Interface Sound Pack 2.0/Deep Error.wav
  artifactKey: Guid(b5b6d5dbf5057e74d940d473d551949a) Importer(815301076,1909f56bfc062723c751e8b465ee728b)
Start importing Assets/Game Interface Sound Pack 2.0/Deep Error.wav using Guid(b5b6d5dbf5057e74d940d473d551949a) Importer(815301076,1909f56bfc062723c751e8b465ee728b)  -> (artifact id: 'c1f5da5de89927866713d19fee16162c') in 0.031964 seconds 
========================================================================
Received Import Request.
  Time since last request: 0.000019 seconds.
  path: Assets/Game Interface Sound Pack 2.0/Fairy Tale Magic Spell.wav
  artifactKey: Guid(7a0619234efad4d489c7d6831a176908) Importer(815301076,1909f56bfc062723c751e8b465ee728b)
Start importing Assets/Game Interface Sound Pack 2.0/Fairy Tale Magic Spell.wav using Guid(7a0619234efad4d489c7d6831a176908) Importer(815301076,1909f56bfc062723c751e8b465ee728b)  -> (artifact id: '4e794e74ba4e2045e82e2bed659e81d9') in 0.026666 seconds 
========================================================================
Received Import Request.
  Time since last request: 0.000020 seconds.
  path: Assets/Game Interface Sound Pack 2.0/Bonus.wav
  artifactKey: Guid(2365a3ed3d66abb4b83c3392495f95a9) Importer(815301076,1909f56bfc062723c751e8b465ee728b)
Start importing Assets/Game Interface Sound Pack 2.0/Bonus.wav using Guid(2365a3ed3d66abb4b83c3392495f95a9) Importer(815301076,1909f56bfc062723c751e8b465ee728b)  -> (artifact id: 'e6c8b43a4d1a634ef48e7e138f89f2e1') in 0.016663 seconds 
========================================================================
Received Import Request.
  Time since last request: 0.000016 seconds.
  path: Assets/Game Interface Sound Pack 2.0/Level Up.wav
  artifactKey: Guid(34d78a118029aed4783ed0bbb7087555) Importer(815301076,1909f56bfc062723c751e8b465ee728b)
Start importing Assets/Game Interface Sound Pack 2.0/Level Up.wav using Guid(34d78a118029aed4783ed0bbb7087555) Importer(815301076,1909f56bfc062723c751e8b465ee728b)  -> (artifact id: '1581703c5cdfd9586c954111e5396a7f') in 0.013283 seconds 
========================================================================
Received Import Request.
  Time since last request: 0.000022 seconds.
  path: Assets/Game Interface Sound Pack 2.0/Confirm.wav
  artifactKey: Guid(659a79ce0eebccf448850a7c6d401983) Importer(815301076,1909f56bfc062723c751e8b465ee728b)
Start importing Assets/Game Interface Sound Pack 2.0/Confirm.wav using Guid(659a79ce0eebccf448850a7c6d401983) Importer(815301076,1909f56bfc062723c751e8b465ee728b)  -> (artifact id: '04ea393a2402b453d5d763674f22abec') in 0.016916 seconds 
========================================================================
Received Import Request.
  Time since last request: 0.000021 seconds.
  path: Assets/Game Interface Sound Pack 2.0/Fanfare Victory.wav
  artifactKey: Guid(b42be62fc1963224cb726a0683f61d75) Importer(815301076,1909f56bfc062723c751e8b465ee728b)
Start importing Assets/Game Interface Sound Pack 2.0/Fanfare Victory.wav using Guid(b42be62fc1963224cb726a0683f61d75) Importer(815301076,1909f56bfc062723c751e8b465ee728b)  -> (artifact id: 'da2f308af310fc768859b3bd3793875e') in 0.013716 seconds 
========================================================================
Received Import Request.
  Time since last request: 0.000018 seconds.
  path: Assets/Game Interface Sound Pack 2.0/Game Highlight.wav
  artifactKey: Guid(d56a2a4c80b44b049943a4eb29fddb5e) Importer(815301076,1909f56bfc062723c751e8b465ee728b)
Start importing Assets/Game Interface Sound Pack 2.0/Game Highlight.wav using Guid(d56a2a4c80b44b049943a4eb29fddb5e) Importer(815301076,1909f56bfc062723c751e8b465ee728b)  -> (artifact id: 'bb22d8f4b5254b010ac72353d9cb012e') in 0.011751 seconds 
========================================================================
Received Import Request.
  Time since last request: 0.000019 seconds.
  path: Assets/Game Interface Sound Pack 2.0/Cash Register.wav
  artifactKey: Guid(5d8c7c2ee1d8cdb4abd20f9763c3c113) Importer(815301076,1909f56bfc062723c751e8b465ee728b)
Start importing Assets/Game Interface Sound Pack 2.0/Cash Register.wav using Guid(5d8c7c2ee1d8cdb4abd20f9763c3c113) Importer(815301076,1909f56bfc062723c751e8b465ee728b)  -> (artifact id: 'ee117168cd07f439e9bada2368f5dd02') in 0.016942 seconds 
========================================================================
Received Import Request.
  Time since last request: 0.000020 seconds.
  path: Assets/Game Interface Sound Pack 2.0/Cute Alert.wav
  artifactKey: Guid(34f8758067f77ce4bba32e7dc0c8aa60) Importer(815301076,1909f56bfc062723c751e8b465ee728b)
Start importing Assets/Game Interface Sound Pack 2.0/Cute Alert.wav using Guid(34f8758067f77ce4bba32e7dc0c8aa60) Importer(815301076,1909f56bfc062723c751e8b465ee728b)  -> (artifact id: '845f68e9cd8749033561de58fccf2d6f') in 0.033337 seconds 
========================================================================
Received Import Request.
  Time since last request: 0.000017 seconds.
  path: Assets/Game Interface Sound Pack 2.0/Digital Game Over.wav
  artifactKey: Guid(6534847ceb86b894491dc0afcb171586) Importer(815301076,1909f56bfc062723c751e8b465ee728b)
Start importing Assets/Game Interface Sound Pack 2.0/Digital Game Over.wav using Guid(6534847ceb86b894491dc0afcb171586) Importer(815301076,1909f56bfc062723c751e8b465ee728b)  -> (artifact id: 'c8a59127180855454070541918d794b1') in 0.010209 seconds 
========================================================================
Received Import Request.
  Time since last request: 0.000027 seconds.
  path: Assets/Game Interface Sound Pack 2.0/Ethnic Percussion Sound.wav
  artifactKey: Guid(18141eba02e93e048a4f4995e9654a84) Importer(815301076,1909f56bfc062723c751e8b465ee728b)
Start importing Assets/Game Interface Sound Pack 2.0/Ethnic Percussion Sound.wav using Guid(18141eba02e93e048a4f4995e9654a84) Importer(815301076,1909f56bfc062723c751e8b465ee728b)  -> (artifact id: '9cd2b59a3c931fe564e65fbb73c77a3c') in 0.015551 seconds 
========================================================================
Received Import Request.
  Time since last request: 0.000021 seconds.
  path: Assets/Game Interface Sound Pack 2.0/Fast Deep Woosh.wav
  artifactKey: Guid(1071871be4e767b42b5a2da1db2db847) Importer(815301076,1909f56bfc062723c751e8b465ee728b)
Start importing Assets/Game Interface Sound Pack 2.0/Fast Deep Woosh.wav using Guid(1071871be4e767b42b5a2da1db2db847) Importer(815301076,1909f56bfc062723c751e8b465ee728b)  -> (artifact id: '0320791a72c2eb98f76398da55a258cd') in 0.009007 seconds 
========================================================================
Received Import Request.
  Time since last request: 0.000024 seconds.
  path: Assets/Game Interface Sound Pack 2.0/Item Collect.wav
  artifactKey: Guid(a231cd57e95a6d94082d8e5ef8b4ab09) Importer(815301076,1909f56bfc062723c751e8b465ee728b)
Start importing Assets/Game Interface Sound Pack 2.0/Item Collect.wav using Guid(a231cd57e95a6d94082d8e5ef8b4ab09) Importer(815301076,1909f56bfc062723c751e8b465ee728b)  -> (artifact id: '2dd111bede87064d3695565a1668866d') in 0.009640 seconds 
========================================================================
Received Import Request.
  Time since last request: 0.000021 seconds.
  path: Assets/Game Interface Sound Pack 2.0/Digital Liquid Click.wav
  artifactKey: Guid(170dedf21b9565349872a795784cf42f) Importer(815301076,1909f56bfc062723c751e8b465ee728b)
Start importing Assets/Game Interface Sound Pack 2.0/Digital Liquid Click.wav using Guid(170dedf21b9565349872a795784cf42f) Importer(815301076,1909f56bfc062723c751e8b465ee728b)  -> (artifact id: '9ed637b3a0c39546bc219317567f2832') in 0.009681 seconds 
========================================================================
Received Import Request.
  Time since last request: 0.000019 seconds.
  path: Assets/Game Interface Sound Pack 2.0/Game Select.wav
  artifactKey: Guid(8fcf3cd8b3dbcca4e9e04c7ac5fa9161) Importer(815301076,1909f56bfc062723c751e8b465ee728b)
Start importing Assets/Game Interface Sound Pack 2.0/Game Select.wav using Guid(8fcf3cd8b3dbcca4e9e04c7ac5fa9161) Importer(815301076,1909f56bfc062723c751e8b465ee728b)  -> (artifact id: 'a90054a3dbaebe45bf75fed36f1901c2') in 0.022083 seconds 
========================================================================
Received Import Request.
  Time since last request: 0.000022 seconds.
  path: Assets/Game Interface Sound Pack 2.0/Bright Alert.wav
  artifactKey: Guid(5329a2cd17e10d94e8c8321c1067b474) Importer(815301076,1909f56bfc062723c751e8b465ee728b)
Start importing Assets/Game Interface Sound Pack 2.0/Bright Alert.wav using Guid(5329a2cd17e10d94e8c8321c1067b474) Importer(815301076,1909f56bfc062723c751e8b465ee728b)  -> (artifact id: 'cff6b2a7a910e98424c0f5cd43717778') in 0.012812 seconds 
========================================================================
Received Import Request.
  Time since last request: 0.000031 seconds.
  path: Assets/Game Interface Sound Pack 2.0/Funny Fall.wav
  artifactKey: Guid(d75f69f4c222537428576a98a1ebab96) Importer(815301076,1909f56bfc062723c751e8b465ee728b)
Start importing Assets/Game Interface Sound Pack 2.0/Funny Fall.wav using Guid(d75f69f4c222537428576a98a1ebab96) Importer(815301076,1909f56bfc062723c751e8b465ee728b)  -> (artifact id: 'b1b8808cf22c5f8acf489557737102a1') in 0.010971 seconds 
========================================================================
Received Import Request.
  Time since last request: 0.000029 seconds.
  path: Assets/Game Interface Sound Pack 2.0/Deep Metallic Button.wav
  artifactKey: Guid(d3a85c5faa20e8e4ba6c12dfb2c7c8dc) Importer(815301076,1909f56bfc062723c751e8b465ee728b)
Start importing Assets/Game Interface Sound Pack 2.0/Deep Metallic Button.wav using Guid(d3a85c5faa20e8e4ba6c12dfb2c7c8dc) Importer(815301076,1909f56bfc062723c751e8b465ee728b)  -> (artifact id: 'd5737ec0e744dd43bfe19efc2e938192') in 0.012453 seconds 
========================================================================
Received Import Request.
  Time since last request: 0.000021 seconds.
  path: Assets/Game Interface Sound Pack 2.0/Flute Alert.wav
  artifactKey: Guid(32ec9ee947fb1f248ba6ca4370996f9f) Importer(815301076,1909f56bfc062723c751e8b465ee728b)
Start importing Assets/Game Interface Sound Pack 2.0/Flute Alert.wav using Guid(32ec9ee947fb1f248ba6ca4370996f9f) Importer(815301076,1909f56bfc062723c751e8b465ee728b)  -> (artifact id: 'e95ff63381e0155fb9b242e20143af44') in 0.009490 seconds 
========================================================================
Received Import Request.
  Time since last request: 0.000019 seconds.
  path: Assets/Game Interface Sound Pack 2.0/Enchanted Transition.wav
  artifactKey: Guid(853603a22ad2ba74ba858d31b1cd13f9) Importer(815301076,1909f56bfc062723c751e8b465ee728b)
Start importing Assets/Game Interface Sound Pack 2.0/Enchanted Transition.wav using Guid(853603a22ad2ba74ba858d31b1cd13f9) Importer(815301076,1909f56bfc062723c751e8b465ee728b)  -> (artifact id: '365f30f97e63fa744f5bb40127042755') in 0.010351 seconds 
========================================================================
Received Import Request.
  Time since last request: 0.000024 seconds.
  path: Assets/Game Interface Sound Pack 2.0/Game Select Click.wav
  artifactKey: Guid(d17110bb9c588c14897c8106c0528ee5) Importer(815301076,1909f56bfc062723c751e8b465ee728b)
Start importing Assets/Game Interface Sound Pack 2.0/Game Select Click.wav using Guid(d17110bb9c588c14897c8106c0528ee5) Importer(815301076,1909f56bfc062723c751e8b465ee728b)  -> (artifact id: 'faf021eac1f45b6c4c3e8dc600e5b167') in 0.009904 seconds 
Editor requested this worker to shutdown with reason: Scaling down because of idle timeout
AssetImportWorker is now disconnected from the server
Process exiting
Exiting without the bug reporter. Application will terminate with return code 0